23:49:35 **** Incremental Build of configuration Debug for project LedBlink ****
make all 
Building file: ../main.c
Invoking: AVR Compiler
avr-gcc -Wall -g2 -gstabs -O0 -fpack-struct -fshort-enums -ffunction-sections -fdata-sections -std=gnu99 -funsigned-char -funsigned-bitfields -mmcu=atmega32 -DF_CPU=1000000UL -MMD -MP -MF"main.d" -MT"main.o" -c -o "main.o" "../main.c"
../main.c:11: warning: return type of 'main' is not 'int'
../main.c: In function 'main':
../main.c:18: warning: format '%d' expects type 'int *', but argument 2 has type 'unsigned char *'
../main.c:21: warning: format '%d' expects type 'int *', but argument 2 has type 'unsigned char *'
Finished building: ../main.c
 
Building target: LedBlink.elf
Invoking: AVR C Linker
avr-gcc -Wl,-Map,LedBlink.map -mmcu=atmega32 -o "LedBlink.elf"  ./main.o   
Finished building target: LedBlink.elf
 
Invoking: AVR Create Extended Listing
avr-objdump -h -S LedBlink.elf  >"LedBlink.lss"
Finished building: LedBlink.lss
 
Create Flash image (ihex format)
avr-objcopy -R .eeprom -R .fuse -R .lock -R .signature -O ihex LedBlink.elf  "LedBlink.hex"
Finished building: LedBlink.hex
 
Invoking: Print Size
avr-size --format=avr --mcu=atmega32 LedBlink.elf
AVR Memory Usage
----------------
Device: atmega32

Program:    3756 bytes (11.5% Full)
(.text + .data + .bootloader)

Data:        114 bytes (5.6% Full)
(.data + .bss + .noinit)


Finished building: sizedummy
 
23:49:50 **** Incremental Build of configuration Debug for project LedBlink ****
make all 
Invoking: Print Size
avr-size --format=avr --mcu=atmega32 LedBlink.elf
AVR Memory Usage
----------------
Device: atmega32

Program:    3756 bytes (11.5% Full)
(.text + .data + .bootloader)

Data:        114 bytes (5.6% Full)
(.data + .bss + .noinit)


Finished building: sizedummy
 
23:49:59 **** Incremental Build of configuration Debug for project LedBlink ****
make all 
Invoking: Print Size
avr-size --format=avr --mcu=atmega32 LedBlink.elf
AVR Memory Usage
----------------
Device: atmega32

Program:    3756 bytes (11.5% Full)
(.text + .data + .bootloader)

Data:        114 bytes (5.6% Full)
(.data + .bss + .noinit)


Finished building: sizedummy
 
23:50:04 **** Incremental Build of configuration Debug for project LedBlink ****
make all 
Invoking: Print Size
avr-size --format=avr --mcu=atmega32 LedBlink.elf
AVR Memory Usage
----------------
Device: atmega32

Program:    3756 bytes (11.5% Full)
(.text + .data + .bootloader)

Data:        114 bytes (5.6% Full)
(.data + .bss + .noinit)


Finished building: sizedummy
 
23:50:15 **** Incremental Build of configuration Debug for project LedBlink ****
make all 
Invoking: Print Size
avr-size --format=avr --mcu=atmega32 LedBlink.elf
AVR Memory Usage
----------------
Device: atmega32

Program:    3756 bytes (11.5% Full)
(.text + .data + .bootloader)

Data:        114 bytes (5.6% Full)
(.data + .bss + .noinit)


Finished building: sizedummy
 
23:50:43 **** Incremental Build of configuration Debug for project LedBlink ****
make all 
Invoking: Print Size
avr-size --format=avr --mcu=atmega32 LedBlink.elf
AVR Memory Usage
----------------
Device: atmega32

Program:    3756 bytes (11.5% Full)
(.text + .data + .bootloader)

Data:        114 bytes (5.6% Full)
(.data + .bss + .noinit)


Finished building: sizedummy
 
